Sun Jan 15 10:49:32 CET 2017 : Apache Derby Network Server - 10.11.1.2 - (1629631) démarré et prêt à accepter les connexions sur le port 1527
----------------------------------------------------------------
Sun Jan 15 10:49:33 CET 2017:
Amorçage de Derby version The Apache Software Foundation - Apache Derby - 10.11.1.2 - (1629631) : instance a816c00e-0159-a188-12cd-00007da1bc44 
dans le répertoire de base de données C:\wamp64\www\JavaEE\Database\sushinoss avec le chargeur de classe sun.misc.Launcher$AppClassLoader@1d44bcfa
Chargé de file:/C:/Program%20Files/Java/jdk1.8.0_91/db/lib/derby.jar
java.vendor=Oracle Corporation
java.runtime.version=1.8.0_91-b14
user.dir=C:\Program Files\Java\jdk1.8.0_91\db
os.name=Windows 8.1
os.arch=amd64
os.version=6.3
derby.system.home=C:\wamp64\www\JavaEE\Database
Chargeur de classe de la base de données démarré - derby.database.classpath = ''
----------------------------------------------------------------
Sun Jan 15 10:59:19 CET 2017:
Amorçage de Derby version The Apache Software Foundation - Apache Derby - 10.11.1.2 - (1629631) : instance cbe9405a-0159-a188-12cd-00007da1bc44 
dans le répertoire de base de données C:\wamp64\www\JavaEE\Database\sushinosss avec le chargeur de classe sun.misc.Launcher$AppClassLoader@1d44bcfa
Chargé de file:/C:/Program%20Files/Java/jdk1.8.0_91/db/lib/derby.jar
java.vendor=Oracle Corporation
java.runtime.version=1.8.0_91-b14
user.dir=C:\Program Files\Java\jdk1.8.0_91\db
os.name=Windows 8.1
os.arch=amd64
os.version=6.3
derby.system.home=C:\wamp64\www\JavaEE\Database
Chargeur de classe de la base de données démarré - derby.database.classpath = ''
----------------------------------------------------------------
Sun Jan 15 10:59:28 CET 2017:
Fermeture de l'instance cbe9405a-0159-a188-12cd-00007da1bc44 sur le répertoire de base de données C:\wamp64\www\JavaEE\Database\sushinosss avec le chargeur de classe sun.misc.Launcher$AppClassLoader@1d44bcfa 
Sun Jan 15 10:59:28 CET 2017 Thread[DRDAConnThread_3,5,main] (DATABASE = sushinosss), (DRDAID = {6}), Arrêt de la base de données 'sushinosss'.
----------------------------------------------------------------
Sun Jan 15 10:59:37 CET 2017:
Amorçage de Derby version The Apache Software Foundation - Apache Derby - 10.11.1.2 - (1629631) : instance d5e900f8-0159-a188-12cd-00007da1bc44 
dans le répertoire de base de données C:\wamp64\www\JavaEE\Database\sushinosss avec le chargeur de classe sun.misc.Launcher$AppClassLoader@1d44bcfa
Chargé de file:/C:/Program%20Files/Java/jdk1.8.0_91/db/lib/derby.jar
java.vendor=Oracle Corporation
java.runtime.version=1.8.0_91-b14
user.dir=C:\Program Files\Java\jdk1.8.0_91\db
os.name=Windows 8.1
os.arch=amd64
os.version=6.3
derby.system.home=C:\wamp64\www\JavaEE\Database
Chargeur de classe de la base de données démarré - derby.database.classpath = ''
